2020-10-03 00:35:30,600 - Log4J -INFO - ChromeBrowser Opened
2020-10-03 00:35:32,830 - Log4J -INFO - Window Maximized
2020-10-03 00:39:44,473 - Log4J -INFO - ChromeBrowser Opened
2020-10-03 00:39:46,742 - Log4J -INFO - Window Maximized
2020-10-03 00:39:46,751 - Log4J -INFO - Implicit Wait given
2020-10-03 00:39:49,173 - Log4J -INFO - Facebook applcation opened
2020-10-03 00:40:46,779 - Log4J -INFO - ChromeBrowser Opened
2020-10-03 00:40:48,933 - Log4J -INFO - Window Maximized
2020-10-03 00:40:48,938 - Log4J -INFO - Implicit Wait given
2020-10-03 00:40:50,538 - Log4J -INFO - Facebook applcation opened
2021-03-19 14:59:57,526 - Log4J -INFO - Firefox Browser Launched
2021-03-19 14:59:57,920 - Log4J -INFO - Maximized Browser
2021-03-19 15:00:05,335 - Log4J -INFO - Navigate to URL
2021-03-19 15:00:53,920 - Log4J -INFO - Chrome Browser Launched
2021-03-19 15:00:54,087 - Log4J -INFO - Maximized Browser
2021-03-19 15:00:58,027 - Log4J -INFO - Navigate to URL
2021-03-19 15:03:19,348 - Log4J -INFO - Chrome Browser Launched
2021-03-19 15:03:19,550 - Log4J -INFO - Maximized Browser
2021-03-19 15:03:23,333 - Log4J -INFO - Navigate to URL
2021-03-19 15:43:58,239 - Log4J -INFO - Chrome Browser Launched
2021-03-19 15:43:58,891 - Log4J -INFO - Maximized Browser
2021-03-19 15:44:03,631 - Log4J -INFO - Navigate to URL
2021-03-19 15:44:05,846 - Log4J -INFO - Username entered..
2021-03-19 15:44:07,983 - Log4J -INFO - Password entered..
2021-03-19 15:44:10,092 - Log4J -INFO - Clicked on Login Button
2021-03-19 15:44:12,383 - Log4J -INFO - Entered a product
2021-03-19 15:44:14,492 - Log4J -INFO - Clicked on search
2021-03-19 15:44:20,777 - Log4J -INFO - Browser Closed
2021-03-19 15:44:46,784 - Log4J -INFO - Firefox Browser Launched
2021-03-19 15:44:48,714 - Log4J -INFO - Maximized Browser
2021-03-19 15:44:57,301 - Log4J -INFO - Navigate to URL
2021-03-19 15:45:00,442 - Log4J -INFO - Username entered..
2021-03-19 15:45:02,529 - Log4J -INFO - Password entered..
2021-03-19 15:45:05,046 - Log4J -INFO - Clicked on Login Button
2021-03-19 15:45:07,209 - Log4J -INFO - Entered a product
2021-03-19 15:45:09,497 - Log4J -INFO - Clicked on search
2021-03-19 15:45:13,904 - Log4J -INFO - Browser Closed
2021-03-19 15:57:41,408 - Log4J -INFO - Chrome Browser Launched
2021-03-19 15:57:41,573 - Log4J -INFO - Maximized Browser
2021-03-19 15:57:44,385 - Log4J -INFO - Navigate to URL
2021-03-19 15:57:46,497 - Log4J -INFO - Username entered..
2021-03-19 15:57:48,647 - Log4J -INFO - Password entered..
2021-03-19 15:57:50,773 - Log4J -INFO - Clicked on Login Button
2021-03-19 15:57:52,930 - Log4J -INFO - Entered a product
2021-03-19 15:57:55,059 - Log4J -INFO - Clicked on search
2021-03-19 15:58:01,280 - Log4J -INFO - Browser Closed
2021-03-19 15:58:08,821 - Log4J -INFO - Firefox Browser Launched
2021-03-19 15:58:09,135 - Log4J -INFO - Maximized Browser
2021-03-19 15:58:17,578 - Log4J -INFO - Navigate to URL
2021-03-19 15:58:19,677 - Log4J -INFO - Username entered..
2021-03-19 15:58:21,739 - Log4J -INFO - Password entered..
2021-03-19 15:58:24,015 - Log4J -INFO - Clicked on Login Button
2021-03-19 15:58:26,123 - Log4J -INFO - Entered a product
2021-03-19 15:59:36,851 - Log4J -INFO - Chrome Browser Launched
2021-03-19 15:59:37,040 - Log4J -INFO - Maximized Browser
2021-03-19 15:59:41,194 - Log4J -INFO - Navigate to URL
2021-03-19 15:59:43,325 - Log4J -INFO - Username entered..
2021-03-19 15:59:45,443 - Log4J -INFO - Password entered..
2021-03-19 15:59:47,546 - Log4J -INFO - Clicked on Login Button
2021-03-19 15:59:49,755 - Log4J -INFO - Entered a product
2021-03-19 15:59:51,862 - Log4J -INFO - Clicked on search
2021-03-19 15:59:58,056 - Log4J -INFO - Browser Closed
2021-03-19 16:00:05,102 - Log4J -INFO - Firefox Browser Launched
2021-03-19 16:00:05,391 - Log4J -INFO - Maximized Browser
2021-03-19 16:00:12,162 - Log4J -INFO - Navigate to URL
2021-03-19 16:00:14,268 - Log4J -INFO - Username entered..
2021-03-19 16:00:16,355 - Log4J -INFO - Password entered..
2021-03-19 16:00:18,631 - Log4J -INFO - Clicked on Login Button
2021-03-19 16:00:20,801 - Log4J -INFO - Entered a product
2021-03-19 16:00:23,087 - Log4J -INFO - Clicked on search
2021-03-19 16:00:27,868 - Log4J -INFO - Browser Closed
2021-03-19 19:40:27,802 - Log4J -INFO - Chrome Browser Launched
2021-03-19 19:40:28,141 - Log4J -INFO - Maximized Browser
2021-03-19 19:40:31,811 - Log4J -INFO - Navigate to URL
2021-03-19 19:40:34,008 - Log4J -INFO - Username entered..
2021-03-19 19:40:36,214 - Log4J -INFO - Password entered..
2021-03-19 19:40:38,386 - Log4J -INFO - Clicked on Login Button
2021-03-19 19:40:40,742 - Log4J -INFO - Entered a product
2021-03-19 19:40:42,879 - Log4J -INFO - Clicked on search
